16-Mar-2022 17:55:26.020 INFO [main] org.apache.catalina.core.ApplicationContext.log ContextListener: contextInitialized()
16-Mar-2022 17:55:26.020 INFO [main] org.apache.catalina.core.ApplicationContext.log SessionListener: contextInitialized()
16-Mar-2022 17:55:26.298 INFO [main] org.apache.catalina.core.ApplicationContext.log ContextListener: attributeAdded('StockTicker', 'async.Stockticker@e4487af')
16-Mar-2022 17:55:30.119 INFO [main] org.apache.catalina.core.ApplicationContext.log SessionListener: contextDestroyed()
16-Mar-2022 17:55:30.119 INFO [main] org.apache.catalina.core.ApplicationContext.log ContextListener: contextDestroyed()
16-Mar-2022 18:00:50.262 INFO [main] org.apache.catalina.core.ApplicationContext.log ContextListener: contextInitialized()
16-Mar-2022 18:00:50.262 INFO [main] org.apache.catalina.core.ApplicationContext.log SessionListener: contextInitialized()
16-Mar-2022 18:00:50.263 INFO [main] org.apache.catalina.core.ApplicationContext.log ContextListener: attributeAdded('StockTicker', 'async.Stockticker@37271612')
16-Mar-2022 18:07:24.567 INFO [main] org.apache.catalina.core.ApplicationContext.log ContextListener: contextInitialized()
16-Mar-2022 18:07:24.567 INFO [main] org.apache.catalina.core.ApplicationContext.log SessionListener: contextInitialized()
16-Mar-2022 18:07:24.568 INFO [main] org.apache.catalina.core.ApplicationContext.log ContextListener: attributeAdded('StockTicker', 'async.Stockticker@e4487af')
16-Mar-2022 18:07:28.656 INFO [main] org.apache.catalina.core.ApplicationContext.log SessionListener: contextDestroyed()
16-Mar-2022 18:07:28.656 INFO [main] org.apache.catalina.core.ApplicationContext.log ContextListener: contextDestroyed()
16-Mar-2022 18:10:52.578 INFO [main] org.apache.catalina.core.ApplicationContext.log SessionListener: contextDestroyed()
16-Mar-2022 18:10:52.578 INFO [main] org.apache.catalina.core.ApplicationContext.log ContextListener: contextDestroyed()
16-Mar-2022 18:12:26.647 INFO [main] org.apache.catalina.core.ApplicationContext.log ContextListener: contextInitialized()
16-Mar-2022 18:12:26.647 INFO [main] org.apache.catalina.core.ApplicationContext.log SessionListener: contextInitialized()
16-Mar-2022 18:12:26.930 INFO [main] org.apache.catalina.core.ApplicationContext.log ContextListener: attributeAdded('StockTicker', 'async.Stockticker@2d2ffcb7')
16-Mar-2022 18:15:40.151 INFO [main] org.apache.catalina.core.ApplicationContext.log SessionListener: contextDestroyed()
16-Mar-2022 18:15:40.151 INFO [main] org.apache.catalina.core.ApplicationContext.log ContextListener: contextDestroyed()
16-Mar-2022 18:17:09.862 INFO [main] org.apache.catalina.core.ApplicationContext.log ContextListener: contextInitialized()
16-Mar-2022 18:17:09.862 INFO [main] org.apache.catalina.core.ApplicationContext.log SessionListener: contextInitialized()
16-Mar-2022 18:17:09.863 INFO [main] org.apache.catalina.core.ApplicationContext.log ContextListener: attributeAdded('StockTicker', 'async.Stockticker@2d2ffcb7')
